I251122 15:35:47.808508 1 util/log/file_sync_buffer.go:237 ⋮ [config]   file created at: 2025/11/22 15:35:47
I251122 15:35:47.808520 1 util/log/file_sync_buffer.go:237 ⋮ [config]   running on machine: ‹ATLAS-7UO11M5BN›
I251122 15:35:47.808532 1 util/log/file_sync_buffer.go:237 ⋮ [config]   binary: CockroachDB CCL v26.1.0-alpha.1-dev (linux amd64, built , go1.25.3)
I251122 15:35:47.808537 1 util/log/file_sync_buffer.go:237 ⋮ [config]   arguments: [‹./cockroach› ‹start-single-node› ‹--insecure› ‹--store=default› ‹--cache=64MiB› ‹--max-sql-memory=64MiB› ‹--listen-addr=localhost›]
I251122 15:35:47.808550 1 util/log/file_sync_buffer.go:237 ⋮ [config]   log format (utf8=✓): crdb-v2
I251122 15:35:47.808555 1 util/log/file_sync_buffer.go:237 ⋮ [config]   line format: [IWEF]yymmdd hh:mm:ss.uuuuuu goid [chan@]file:line redactionmark \[tags\] [counter] msg
W251122 15:35:47.808234 1 1@cli/start.go:1479 ⋮ [n?] 1  ALL SECURITY CONTROLS HAVE BEEN DISABLED!
W251122 15:35:47.808234 1 1@cli/start.go:1479 ⋮ [n?] 1 +
W251122 15:35:47.808234 1 1@cli/start.go:1479 ⋮ [n?] 1 +This mode is intended for non-production testing only.
W251122 15:35:47.808234 1 1@cli/start.go:1479 ⋮ [n?] 1 +
W251122 15:35:47.808234 1 1@cli/start.go:1479 ⋮ [n?] 1 +In this mode:
W251122 15:35:47.808234 1 1@cli/start.go:1479 ⋮ [n?] 1 +- Your cluster is open to any client that can access ‹localhost›.
W251122 15:35:47.808234 1 1@cli/start.go:1479 ⋮ [n?] 1 +- Intruders with access to your machine or network can observe client-server traffic.
W251122 15:35:47.808234 1 1@cli/start.go:1479 ⋮ [n?] 1 +- Intruders can log in without password and read or write any data in the cluster.
W251122 15:35:47.808234 1 1@cli/start.go:1479 ⋮ [n?] 1 +- Intruders can consume all your server's resources and cause unavailability.
I251122 15:35:47.809222 1 1@cli/start.go:1489 ⋮ [n?] 2  To start a secure server without mandating TLS for clients,
I251122 15:35:47.809222 1 1@cli/start.go:1489 ⋮ [n?] 2 +consider --accept-sql-without-tls instead. For other options, see:
I251122 15:35:47.809222 1 1@cli/start.go:1489 ⋮ [n?] 2 +
I251122 15:35:47.809222 1 1@cli/start.go:1489 ⋮ [n?] 2 +- https://go.crdb.dev/issue-v/53404/dev
I251122 15:35:47.809222 1 1@cli/start.go:1489 ⋮ [n?] 2 +- https://www.cockroachlabs.com/docs/dev/secure-a-cluster.html
I251122 15:35:47.809343 1 server/status/recorder.go:917 ⋮ [n?] 3  ‹available memory from cgroups (0 B) is unsupported, using system memory 80 GiB instead: no cgroup memory controller detected›
I251122 15:35:47.809365 1 1@cli/start.go:1518 ⋮ [n?] 4  CockroachDB CCL v26.1.0-alpha.1-dev (linux amd64, built , go1.25.3)
I251122 15:35:47.810008 1 server/status/recorder.go:917 ⋮ [n?] 5  ‹available memory from cgroups (0 B) is unsupported, using system memory 80 GiB instead: no cgroup memory controller detected›
W251122 15:35:47.810039 1 1@cli/start.go:742 ⋮ [n?] 6  --max-sql-memory (64 MiB) is set too low, consider increasing it
I251122 15:35:47.810051 1 1@cli/start.go:572 ⋮ [n?] 7  soft memory limit of Go runtime is set to 256 MiB
I251122 15:35:47.810067 1 1@cli/start.go:609 ⋮ [n?] 8  GC target percentage of Go runtime is set to 300%
I251122 15:35:47.810553 1 server/status/recorder.go:917 ⋮ [T1,Vsystem,n?] 9  ‹available memory from cgroups (0 B) is unsupported, using system memory 80 GiB instead: no cgroup memory controller detected›
I251122 15:35:47.810571 1 server/config.go:676 ⋮ [T1,Vsystem,n?] 10  system total memory: 80 GiB
I251122 15:35:47.810581 1 server/config.go:678 ⋮ [T1,Vsystem,n?] 11  server configuration:
I251122 15:35:47.810581 1 server/config.go:678 ⋮ [T1,Vsystem,n?] 11 +max offset             500000000
I251122 15:35:47.810581 1 server/config.go:678 ⋮ [T1,Vsystem,n?] 11 +cache size             64 MiB
I251122 15:35:47.810581 1 server/config.go:678 ⋮ [T1,Vsystem,n?] 11 +SQL memory pool size   64 MiB
I251122 15:35:47.810581 1 server/config.go:678 ⋮ [T1,Vsystem,n?] 11 +scan interval          10m0s
I251122 15:35:47.810581 1 server/config.go:678 ⋮ [T1,Vsystem,n?] 11 +scan min idle time     10ms
I251122 15:35:47.810581 1 server/config.go:678 ⋮ [T1,Vsystem,n?] 11 +scan max idle time     1s
I251122 15:35:47.810581 1 server/config.go:678 ⋮ [T1,Vsystem,n?] 11 +event log enabled      true
I251122 15:35:47.810635 1 1@cli/start.go:1356 ⋮ [T1,Vsystem,n?] 12  using local environment variables:
I251122 15:35:47.810635 1 1@cli/start.go:1356 ⋮ [T1,Vsystem,n?] 12 +LANG=C.UTF-8
I251122 15:35:47.810635 1 1@cli/start.go:1356 ⋮ [T1,Vsystem,n?] 12 +TERM=xterm-256color
I251122 15:35:47.810649 1 1@cli/start.go:1363 ⋮ [T1,Vsystem,n?] 13  process identity: uid 1000 euid 1000 gid 1000 egid 1000
W251122 15:35:47.811096 1 1@cli/start.go:1543 ⋮ [T1,Vsystem,n?] 14  could not initialize GEOS - spatial functions may not be available: geos: error during GEOS init: geos: cannot load GEOS from dir ‹"/usr/local/lib/cockroach"›: ‹geos error: /usr/local/lib/cockroach/libgeos.so: cannot open shared object file: No such file or directory›
W251122 15:35:47.811096 1 1@cli/start.go:1543 ⋮ [T1,Vsystem,n?] 14 +HINT: ‹Ensure you have the spatial libraries installed as per the instructions in https://www.cockroachlabs.com/docs/dev/install-cockroachdb-linux›
I251122 15:35:47.811153 1 1@cli/start.go:795 ⋮ [T1,Vsystem,n?] 15  starting cockroach node
W251122 15:35:47.812115 125 1@storage/disk/platform_linux.go:114 ⋮ [-] 16  unsupported file system type 53464846 for path (0:15) ‹"/mnt/d/Devloper/cockroach/default"›
W251122 15:35:47.812413 125 1@storage/disk/platform_linux.go:114 ⋮ [-] 17  unsupported file system type 53464846 for path (0:15) ‹"/mnt/d/Devloper/cockroach/default"›
I251122 15:35:47.883610 1 1@cli/start.go:1052 ⋮ [T1,Vsystem,n?] 18  initiating hard shutdown of server
I251122 15:35:47.883763 1 1@cli/start.go:1130 ⋮ [T1,Vsystem,n?] 19  too early to drain; used hard shutdown instead
E251122 15:35:47.884320 1 1@cli/clierror/check.go:35 ⋮ [-] 20  ‹ERROR›: connection lost.
E251122 15:35:47.884320 1 1@cli/clierror/check.go:35 ⋮ [-] 20 +server startup failed: failed to start server: failed to create engines: creating disk monitor: opening /proc/diskstats: open ‹/proc/diskstats›: no such file or directory
